2026-02-15 21:41:58: The page "Board:10 Feb 2011" was missing in the wiki (probably deleted)
2026-02-15 21:41:59: The page "Board:10 June 2010 Meeting" was missing in the wiki (probably deleted)
2026-02-15 21:42:01: The page "Board:10 Mar 2011" was missing in the wiki (probably deleted)
2026-02-15 21:42:03: The page "Board:11 Feb 2010" was missing in the wiki (probably deleted)
2026-02-15 21:42:05: The page "Board:11 March 2010 Meeting" was missing in the wiki (probably deleted)
2026-02-15 21:42:07: The page "Board:11 Nov 2010 Meeting" was missing in the wiki (probably deleted)
2026-02-15 21:42:09: The page "Board:12 Aug 2010 Meeting" was missing in the wiki (probably deleted)
2026-02-15 21:42:11: The page "Board:12 Jan 2012" was missing in the wiki (probably deleted)
2026-02-15 21:42:15: The page "Board:12 May 2011" was missing in the wiki (probably deleted)
2026-02-15 21:42:17: The page "Board:13 Jan 2011" was missing in the wiki (probably deleted)
2026-02-15 21:42:19: The page "Board:13 May 2010 Meeting" was missing in the wiki (probably deleted)
2026-02-15 21:42:21: The page "Board:14 Apr 2011" was missing in the wiki (probably deleted)
2026-02-15 21:42:23: The page "Board:14 July 2011" was missing in the wiki (probably deleted)
2026-02-15 21:42:24: The page "Board:14 Oct 2010" was missing in the wiki (probably deleted)
2026-02-15 21:42:26: The page "Board:19 Nov 2009 Meeting" was missing in the wiki (probably deleted)
2026-02-15 21:42:28: The page "Board:21 Dec 2010 Meeting" was missing in the wiki (probably deleted)
2026-02-15 21:42:30: The page "Board:21 July 2010 Meeting" was missing in the wiki (probably deleted)
2026-02-15 21:42:32: The page "Board:22 April 2010" was missing in the wiki (probably deleted)
2026-02-15 21:42:34: The page "Board:23 Sept 2010 Meeting" was missing in the wiki (probably deleted)
2026-02-15 21:42:36: The page "Board:24 June 2010 Meeting" was missing in the wiki (probably deleted)
2026-02-15 21:42:38: The page "Board:25 Feb 2010" was missing in the wiki (probably deleted)
2026-02-15 21:42:39: The page "Board:25 Mar 2010" was missing in the wiki (probably deleted)
2026-02-15 21:42:41: The page "Board:25 Nov 2010 Meeting" was missing in the wiki (probably deleted)
2026-02-15 21:42:43: The page "Board:26 Aug 2010 Meeting" was missing in the wiki (probably deleted)
2026-02-15 21:42:45: The page "Board:27 May 2010 Meeting" was missing in the wiki (probably deleted)
2026-02-15 21:42:47: The page "Board:28 Oct 2010 Meeting" was missing in the wiki (probably deleted)
2026-02-15 21:42:49: The page "Board:3 Dec 2009 Meeting" was missing in the wiki (probably deleted)
2026-02-15 21:42:51: The page "Board:4 Dec 2010 Meeting" was missing in the wiki (probably deleted)
2026-02-15 21:42:53: The page "Board:7 Jun 2012 Meeting" was missing in the wiki (probably deleted)
2026-02-15 21:42:54: The page "Board:8 April 2010" was missing in the wiki (probably deleted)
2026-02-15 21:42:56: The page "Board:8 July 2010" was missing in the wiki (probably deleted)
2026-02-15 21:42:58: The page "Board:9 Sept 2010 Meeting" was missing in the wiki (probably deleted)
2026-02-15 21:43:00: The page "Board:Meeting Minutes" was missing in the wiki (probably deleted)
2026-02-15 21:55:11: The page "User:tianxuan0757" was missing in the wiki (probably deleted)
